{"C:\\Users\\Patrick\\OneDrive\\Documentos\\Programacao\\Bloco-Intermediario\\bancoDeDados2\\a2\\src\\server.ts": {"path":"C:\\Users\\Patrick\\OneDrive\\Documentos\\Programacao\\Bloco-Intermediario\\bancoDeDados2\\a2\\src\\server.ts","statementMap":{"0":{"start":{"line":7,"column":0},"end":{"line":7,"column":16}},"1":{"start":{"line":1,"column":0},"end":{"line":1,"column":30}},"2":{"start":{"line":2,"column":0},"end":{"line":2,"column":24}},"3":{"start":{"line":4,"column":0},"end":{"line":4,"column":46}},"4":{"start":{"line":5,"column":0},"end":{"line":5,"column":53}},"5":{"start":{"line":8,"column":14},"end":{"line":8,"column":23}},"6":{"start":{"line":10,"column":2},"end":{"line":10,"column":26}},"7":{"start":{"line":11,"column":2},"end":{"line":11,"column":18}},"8":{"start":{"line":13,"column":2},"end":{"line":13,"column":22}},"9":{"start":{"line":14,"column":2},"end":{"line":14,"column":25}},"10":{"start":{"line":16,"column":2},"end":{"line":16,"column":13}}},"fnMap":{"0":{"name":"createApp","decl":{"start":{"line":7,"column":16},"end":{"line":7,"column":25}},"loc":{"start":{"line":7,"column":25},"end":{"line":17,"column":1}}}},"branchMap":{},"s":{"0":2,"1":2,"2":2,"3":2,"4":2,"5":4,"6":4,"7":4,"8":4,"9":4,"10":4},"f":{"0":4},"b":{}}
,"C:\\Users\\Patrick\\OneDrive\\Documentos\\Programacao\\Bloco-Intermediario\\bancoDeDados2\\a2\\src\\controllers\\assessment.controller.ts": {"path":"C:\\Users\\Patrick\\OneDrive\\Documentos\\Programacao\\Bloco-Intermediario\\bancoDeDados2\\a2\\src\\controllers\\assessment.controller.ts","statementMap":{"0":{"start":{"line":2,"column":0},"end":{"line":2,"column":55}},"1":{"start":{"line":3,"column":0},"end":{"line":3,"column":56}},"2":{"start":{"line":9,"column":4},"end":{"line":45,"column":5}},"3":{"start":{"line":10,"column":28},"end":{"line":10,"column":38}},"4":{"start":{"line":12,"column":22},"end":{"line":23,"column":8}},"5":{"start":{"line":25,"column":6},"end":{"line":31,"column":7}},"6":{"start":{"line":26,"column":8},"end":{"line":30,"column":11}},"7":{"start":{"line":33,"column":6},"end":{"line":38,"column":9}},"8":{"start":{"line":40,"column":6},"end":{"line":44,"column":9}},"9":{"start":{"line":49,"column":4},"end":{"line":100,"column":5}},"10":{"start":{"line":50,"column":28},"end":{"line":50,"column":38}},"11":{"start":{"line":51,"column":36},"end":{"line":51,"column":44}},"12":{"start":{"line":53,"column":6},"end":{"line":59,"column":7}},"13":{"start":{"line":54,"column":8},"end":{"line":58,"column":11}},"14":{"start":{"line":61,"column":22},"end":{"line":63,"column":8}},"15":{"start":{"line":65,"column":6},"end":{"line":71,"column":7}},"16":{"start":{"line":66,"column":8},"end":{"line":70,"column":11}},"17":{"start":{"line":73,"column":28},"end":{"line":73,"column":72}},"18":{"start":{"line":75,"column":32},"end":{"line":86,"column":8}},"19":{"start":{"line":88,"column":6},"end":{"line":93,"column":9}},"20":{"start":{"line":95,"column":6},"end":{"line":99,"column":9}},"21":{"start":{"line":104,"column":4},"end":{"line":139,"column":5}},"22":{"start":{"line":105,"column":32},"end":{"line":105,"column":42}},"23":{"start":{"line":107,"column":25},"end":{"line":117,"column":8}},"24":{"start":{"line":119,"column":6},"end":{"line":125,"column":7}},"25":{"start":{"line":120,"column":8},"end":{"line":124,"column":11}},"26":{"start":{"line":127,"column":6},"end":{"line":132,"column":9}},"27":{"start":{"line":134,"column":6},"end":{"line":138,"column":9}},"28":{"start":{"line":143,"column":4},"end":{"line":192,"column":5}},"29":{"start":{"line":144,"column":32},"end":{"line":144,"column":42}},"30":{"start":{"line":146,"column":36},"end":{"line":146,"column":44}},"31":{"start":{"line":148,"column":6},"end":{"line":154,"column":7}},"32":{"start":{"line":149,"column":8},"end":{"line":153,"column":11}},"33":{"start":{"line":156,"column":25},"end":{"line":170,"column":8}},"34":{"start":{"line":172,"column":6},"end":{"line":178,"column":7}},"35":{"start":{"line":173,"column":8},"end":{"line":177,"column":11}},"36":{"start":{"line":180,"column":6},"end":{"line":185,"column":9}},"37":{"start":{"line":187,"column":6},"end":{"line":191,"column":9}},"38":{"start":{"line":196,"column":4},"end":{"line":228,"column":5}},"39":{"start":{"line":197,"column":32},"end":{"line":197,"column":42}},"40":{"start":{"line":199,"column":25},"end":{"line":206,"column":8}},"41":{"start":{"line":208,"column":6},"end":{"line":214,"column":7}},"42":{"start":{"line":209,"column":8},"end":{"line":213,"column":11}},"43":{"start":{"line":216,"column":6},"end":{"line":221,"column":9}},"44":{"start":{"line":223,"column":6},"end":{"line":227,"column":9}},"45":{"start":{"line":5,"column":0},"end":{"line":5,"column":13}}},"fnMap":{"0":{"name":"(anonymous_8)","decl":{"start":{"line":8,"column":15},"end":{"line":8,"column":20}},"loc":{"start":{"line":8,"column":48},"end":{"line":46,"column":null}}},"1":{"name":"(anonymous_10)","decl":{"start":{"line":48,"column":15},"end":{"line":48,"column":20}},"loc":{"start":{"line":48,"column":48},"end":{"line":101,"column":null}}},"2":{"name":"(anonymous_12)","decl":{"start":{"line":103,"column":15},"end":{"line":103,"column":19}},"loc":{"start":{"line":103,"column":47},"end":{"line":140,"column":null}}},"3":{"name":"(anonymous_14)","decl":{"start":{"line":142,"column":15},"end":{"line":142,"column":21}},"loc":{"start":{"line":142,"column":49},"end":{"line":193,"column":null}}},"4":{"name":"(anonymous_16)","decl":{"start":{"line":195,"column":15},"end":{"line":195,"column":21}},"loc":{"start":{"line":195,"column":49},"end":{"line":229,"column":null}}}},"branchMap":{"0":{"loc":{"start":{"line":25,"column":6},"end":{"line":31,"column":7}},"type":"if","locations":[{"start":{"line":25,"column":6},"end":{"line":31,"column":7}}]},"1":{"loc":{"start":{"line":53,"column":6},"end":{"line":59,"column":7}},"type":"if","locations":[{"start":{"line":53,"column":6},"end":{"line":59,"column":7}}]},"2":{"loc":{"start":{"line":53,"column":10},"end":{"line":53,"column":31}},"type":"binary-expr","locations":[{"start":{"line":53,"column":10},"end":{"line":53,"column":21}},{"start":{"line":53,"column":25},"end":{"line":53,"column":31}}]},"3":{"loc":{"start":{"line":65,"column":6},"end":{"line":71,"column":7}},"type":"if","locations":[{"start":{"line":65,"column":6},"end":{"line":71,"column":7}}]},"4":{"loc":{"start":{"line":119,"column":6},"end":{"line":125,"column":7}},"type":"if","locations":[{"start":{"line":119,"column":6},"end":{"line":125,"column":7}}]},"5":{"loc":{"start":{"line":148,"column":6},"end":{"line":154,"column":7}},"type":"if","locations":[{"start":{"line":148,"column":6},"end":{"line":154,"column":7}}]},"6":{"loc":{"start":{"line":148,"column":10},"end":{"line":148,"column":31}},"type":"binary-expr","locations":[{"start":{"line":148,"column":10},"end":{"line":148,"column":21}},{"start":{"line":148,"column":25},"end":{"line":148,"column":31}}]},"7":{"loc":{"start":{"line":172,"column":6},"end":{"line":178,"column":7}},"type":"if","locations":[{"start":{"line":172,"column":6},"end":{"line":178,"column":7}}]},"8":{"loc":{"start":{"line":208,"column":6},"end":{"line":214,"column":7}},"type":"if","locations":[{"start":{"line":208,"column":6},"end":{"line":214,"column":7}}]}},"s":{"0":2,"1":2,"2":1,"3":1,"4":1,"5":1,"6":0,"7":1,"8":0,"9":2,"10":2,"11":2,"12":2,"13":0,"14":2,"15":2,"16":0,"17":2,"18":2,"19":1,"20":1,"21":0,"22":0,"23":0,"24":0,"25":0,"26":0,"27":0,"28":0,"29":0,"30":0,"31":0,"32":0,"33":0,"34":0,"35":0,"36":0,"37":0,"38":0,"39":0,"40":0,"41":0,"42":0,"43":0,"44":0,"45":2},"f":{"0":1,"1":2,"2":0,"3":0,"4":0},"b":{"0":[0],"1":[0],"2":[2,2],"3":[0],"4":[0],"5":[0],"6":[0,0],"7":[0],"8":[0]}}
,"C:\\Users\\Patrick\\OneDrive\\Documentos\\Programacao\\Bloco-Intermediario\\bancoDeDados2\\a2\\src\\controllers\\auth.controller.ts": {"path":"C:\\Users\\Patrick\\OneDrive\\Documentos\\Programacao\\Bloco-Intermediario\\bancoDeDados2\\a2\\src\\controllers\\auth.controller.ts","statementMap":{"0":{"start":{"line":2,"column":0},"end":{"line":2,"column":55}},"1":{"start":{"line":3,"column":0},"end":{"line":3,"column":74}},"2":{"start":{"line":5,"column":20},"end":{"line":5,"column":37}},"3":{"start":{"line":9,"column":4},"end":{"line":31,"column":5}},"4":{"start":{"line":11,"column":34},"end":{"line":11,"column":46}},"5":{"start":{"line":13,"column":6},"end":{"line":15,"column":7}},"6":{"start":{"line":14,"column":8},"end":{"line":14,"column":43}},"7":{"start":{"line":17,"column":21},"end":{"line":17,"column":65}},"8":{"start":{"line":19,"column":6},"end":{"line":26,"column":7}},"9":{"start":{"line":21,"column":8},"end":{"line":25,"column":11}},"10":{"start":{"line":28,"column":6},"end":{"line":28,"column":55}},"11":{"start":{"line":30,"column":6},"end":{"line":30,"column":42}},"12":{"start":{"line":7,"column":0},"end":{"line":7,"column":13}}},"fnMap":{"0":{"name":"(anonymous_7)","decl":{"start":{"line":8,"column":15},"end":{"line":8,"column":20}},"loc":{"start":{"line":8,"column":57},"end":{"line":32,"column":null}}}},"branchMap":{"0":{"loc":{"start":{"line":13,"column":6},"end":{"line":15,"column":7}},"type":"if","locations":[{"start":{"line":13,"column":6},"end":{"line":15,"column":7}}]},"1":{"loc":{"start":{"line":13,"column":10},"end":{"line":13,"column":29}},"type":"binary-expr","locations":[{"start":{"line":13,"column":10},"end":{"line":13,"column":16}},{"start":{"line":13,"column":20},"end":{"line":13,"column":29}}]},"2":{"loc":{"start":{"line":19,"column":6},"end":{"line":26,"column":7}},"type":"if","locations":[{"start":{"line":19,"column":6},"end":{"line":26,"column":7}}]}},"s":{"0":2,"1":2,"2":2,"3":3,"4":3,"5":3,"6":0,"7":3,"8":3,"9":0,"10":3,"11":0,"12":2},"f":{"0":3},"b":{"0":[0],"1":[3,3],"2":[0]}}
,"C:\\Users\\Patrick\\OneDrive\\Documentos\\Programacao\\Bloco-Intermediario\\bancoDeDados2\\a2\\src\\controllers\\students.controller.ts": {"path":"C:\\Users\\Patrick\\OneDrive\\Documentos\\Programacao\\Bloco-Intermediario\\bancoDeDados2\\a2\\src\\controllers\\students.controller.ts","statementMap":{"0":{"start":{"line":3,"column":0},"end":{"line":3,"column":55}},"1":{"start":{"line":4,"column":0},"end":{"line":4,"column":50}},"2":{"start":{"line":5,"column":0},"end":{"line":5,"column":61}},"3":{"start":{"line":7,"column":23},"end":{"line":7,"column":43}},"4":{"start":{"line":11,"column":4},"end":{"line":21,"column":5}},"5":{"start":{"line":12,"column":23},"end":{"line":12,"column":60}},"6":{"start":{"line":14,"column":6},"end":{"line":14,"column":44}},"7":{"start":{"line":16,"column":6},"end":{"line":20,"column":9}},"8":{"start":{"line":25,"column":4},"end":{"line":59,"column":5}},"9":{"start":{"line":26,"column":51},"end":{"line":26,"column":59}},"10":{"start":{"line":28,"column":6},"end":{"line":34,"column":7}},"11":{"start":{"line":29,"column":8},"end":{"line":33,"column":11}},"12":{"start":{"line":36,"column":22},"end":{"line":38,"column":8}},"13":{"start":{"line":40,"column":6},"end":{"line":46,"column":7}},"14":{"start":{"line":41,"column":8},"end":{"line":45,"column":11}},"15":{"start":{"line":48,"column":25},"end":{"line":48,"column":70}},"16":{"start":{"line":50,"column":29},"end":{"line":50,"column":75}},"17":{"start":{"line":52,"column":6},"end":{"line":52,"column":50}},"18":{"start":{"line":54,"column":6},"end":{"line":58,"column":9}},"19":{"start":{"line":63,"column":4},"end":{"line":83,"column":5}},"20":{"start":{"line":64,"column":21},"end":{"line":64,"column":31}},"21":{"start":{"line":66,"column":22},"end":{"line":66,"column":61}},"22":{"start":{"line":68,"column":6},"end":{"line":74,"column":7}},"23":{"start":{"line":69,"column":8},"end":{"line":73,"column":11}},"24":{"start":{"line":76,"column":6},"end":{"line":76,"column":43}},"25":{"start":{"line":78,"column":6},"end":{"line":82,"column":9}},"26":{"start":{"line":87,"column":4},"end":{"line":106,"column":5}},"27":{"start":{"line":88,"column":21},"end":{"line":88,"column":31}},"28":{"start":{"line":89,"column":45},"end":{"line":89,"column":53}},"29":{"start":{"line":91,"column":29},"end":{"line":97,"column":8}},"30":{"start":{"line":99,"column":6},"end":{"line":99,"column":50}},"31":{"start":{"line":101,"column":6},"end":{"line":105,"column":9}},"32":{"start":{"line":110,"column":4},"end":{"line":122,"column":5}},"33":{"start":{"line":111,"column":21},"end":{"line":111,"column":31}},"34":{"start":{"line":113,"column":22},"end":{"line":113,"column":60}},"35":{"start":{"line":115,"column":6},"end":{"line":115,"column":43}},"36":{"start":{"line":117,"column":6},"end":{"line":121,"column":9}},"37":{"start":{"line":8,"column":0},"end":{"line":8,"column":13}}},"fnMap":{"0":{"name":"(anonymous_8)","decl":{"start":{"line":10,"column":15},"end":{"line":10,"column":20}},"loc":{"start":{"line":10,"column":48},"end":{"line":22,"column":null}}},"1":{"name":"(anonymous_10)","decl":{"start":{"line":24,"column":15},"end":{"line":24,"column":20}},"loc":{"start":{"line":24,"column":48},"end":{"line":60,"column":null}}},"2":{"name":"(anonymous_12)","decl":{"start":{"line":62,"column":15},"end":{"line":62,"column":19}},"loc":{"start":{"line":62,"column":47},"end":{"line":84,"column":null}}},"3":{"name":"(anonymous_14)","decl":{"start":{"line":86,"column":15},"end":{"line":86,"column":21}},"loc":{"start":{"line":86,"column":49},"end":{"line":107,"column":null}}},"4":{"name":"(anonymous_16)","decl":{"start":{"line":109,"column":15},"end":{"line":109,"column":21}},"loc":{"start":{"line":109,"column":49},"end":{"line":123,"column":null}}}},"branchMap":{"0":{"loc":{"start":{"line":28,"column":6},"end":{"line":34,"column":7}},"type":"if","locations":[{"start":{"line":28,"column":6},"end":{"line":34,"column":7}}]},"1":{"loc":{"start":{"line":28,"column":10},"end":{"line":28,"column":38}},"type":"binary-expr","locations":[{"start":{"line":28,"column":10},"end":{"line":28,"column":15}},{"start":{"line":28,"column":19},"end":{"line":28,"column":25}},{"start":{"line":28,"column":29},"end":{"line":28,"column":38}}]},"2":{"loc":{"start":{"line":40,"column":6},"end":{"line":46,"column":7}},"type":"if","locations":[{"start":{"line":40,"column":6},"end":{"line":46,"column":7}}]},"3":{"loc":{"start":{"line":68,"column":6},"end":{"line":74,"column":7}},"type":"if","locations":[{"start":{"line":68,"column":6},"end":{"line":74,"column":7}}]}},"s":{"0":2,"1":2,"2":2,"3":2,"4":0,"5":0,"6":0,"7":0,"8":5,"9":5,"10":5,"11":1,"12":4,"13":4,"14":0,"15":4,"16":4,"17":4,"18":0,"19":0,"20":0,"21":0,"22":0,"23":0,"24":0,"25":0,"26":0,"27":0,"28":0,"29":0,"30":0,"31":0,"32":0,"33":0,"34":0,"35":0,"36":0,"37":2},"f":{"0":0,"1":5,"2":0,"3":0,"4":0},"b":{"0":[1],"1":[5,4,4],"2":[0],"3":[0]}}
,"C:\\Users\\Patrick\\OneDrive\\Documentos\\Programacao\\Bloco-Intermediario\\bancoDeDados2\\a2\\src\\database\\prisma.connection.ts": {"path":"C:\\Users\\Patrick\\OneDrive\\Documentos\\Programacao\\Bloco-Intermediario\\bancoDeDados2\\a2\\src\\database\\prisma.connection.ts","statementMap":{"0":{"start":{"line":1,"column":0},"end":{"line":1,"column":46}},"1":{"start":{"line":3,"column":19},"end":{"line":3,"column":37}},"2":{"start":{"line":5,"column":0},"end":{"line":5,"column":26}}},"fnMap":{},"branchMap":{},"s":{"0":4,"1":4,"2":4},"f":{},"b":{}}
,"C:\\Users\\Patrick\\OneDrive\\Documentos\\Programacao\\Bloco-Intermediario\\bancoDeDados2\\a2\\src\\middleware\\auth.middleware.ts": {"path":"C:\\Users\\Patrick\\OneDrive\\Documentos\\Programacao\\Bloco-Intermediario\\bancoDeDados2\\a2\\src\\middleware\\auth.middleware.ts","statementMap":{"0":{"start":{"line":6,"column":0},"end":{"line":6,"column":22}},"1":{"start":{"line":2,"column":0},"end":{"line":2,"column":55}},"2":{"start":{"line":4,"column":20},"end":{"line":4,"column":37}},"3":{"start":{"line":11,"column":2},"end":{"line":40,"column":3}},"4":{"start":{"line":12,"column":30},"end":{"line":12,"column":41}},"5":{"start":{"line":13,"column":26},"end":{"line":13,"column":36}},"6":{"start":{"line":15,"column":4},"end":{"line":21,"column":5}},"7":{"start":{"line":16,"column":6},"end":{"line":20,"column":9}},"8":{"start":{"line":23,"column":19},"end":{"line":23,"column":76}},"9":{"start":{"line":25,"column":4},"end":{"line":31,"column":5}},"10":{"start":{"line":26,"column":6},"end":{"line":30,"column":9}},"11":{"start":{"line":33,"column":4},"end":{"line":33,"column":11}},"12":{"start":{"line":35,"column":4},"end":{"line":39,"column":7}}},"fnMap":{"0":{"name":"validateToken","decl":{"start":{"line":6,"column":22},"end":{"line":6,"column":35}},"loc":{"start":{"line":9,"column":20},"end":{"line":41,"column":null}}}},"branchMap":{"0":{"loc":{"start":{"line":15,"column":4},"end":{"line":21,"column":5}},"type":"if","locations":[{"start":{"line":15,"column":4},"end":{"line":21,"column":5}}]},"1":{"loc":{"start":{"line":25,"column":4},"end":{"line":31,"column":5}},"type":"if","locations":[{"start":{"line":25,"column":4},"end":{"line":31,"column":5}}]}},"s":{"0":2,"1":2,"2":2,"3":7,"4":7,"5":7,"6":7,"7":2,"8":5,"9":5,"10":2,"11":3,"12":0},"f":{"0":7},"b":{"0":[2],"1":[2]}}
,"C:\\Users\\Patrick\\OneDrive\\Documentos\\Programacao\\Bloco-Intermediario\\bancoDeDados2\\a2\\src\\middleware\\authorization.middleware.ts": {"path":"C:\\Users\\Patrick\\OneDrive\\Documentos\\Programacao\\Bloco-Intermediario\\bancoDeDados2\\a2\\src\\middleware\\authorization.middleware.ts","statementMap":{"0":{"start":{"line":8,"column":0},"end":{"line":8,"column":22}},"1":{"start":{"line":32,"column":0},"end":{"line":32,"column":22}},"2":{"start":{"line":55,"column":0},"end":{"line":55,"column":16}},"3":{"start":{"line":2,"column":0},"end":{"line":2,"column":73}},"4":{"start":{"line":3,"column":0},"end":{"line":3,"column":39}},"5":{"start":{"line":4,"column":0},"end":{"line":4,"column":55}},"6":{"start":{"line":6,"column":29},"end":{"line":6,"column":55}},"7":{"start":{"line":14,"column":2},"end":{"line":29,"column":3}},"8":{"start":{"line":15,"column":30},"end":{"line":15,"column":45}},"9":{"start":{"line":17,"column":19},"end":{"line":20,"column":6}},"10":{"start":{"line":22,"column":4},"end":{"line":24,"column":5}},"11":{"start":{"line":23,"column":6},"end":{"line":23,"column":55}},"12":{"start":{"line":26,"column":4},"end":{"line":26,"column":11}},"13":{"start":{"line":28,"column":4},"end":{"line":28,"column":40}},"14":{"start":{"line":38,"column":2},"end":{"line":52,"column":3}},"15":{"start":{"line":39,"column":30},"end":{"line":39,"column":45}},"16":{"start":{"line":41,"column":19},"end":{"line":43,"column":6}},"17":{"start":{"line":45,"column":4},"end":{"line":47,"column":5}},"18":{"start":{"line":46,"column":6},"end":{"line":46,"column":55}},"19":{"start":{"line":49,"column":4},"end":{"line":49,"column":11}},"20":{"start":{"line":51,"column":4},"end":{"line":51,"column":40}},"21":{"start":{"line":56,"column":2},"end":{"line":72,"column":4}},"22":{"start":{"line":57,"column":4},"end":{"line":71,"column":5}},"23":{"start":{"line":58,"column":32},"end":{"line":58,"column":47}},"24":{"start":{"line":60,"column":21},"end":{"line":62,"column":null}},"25":{"start":{"line":65,"column":6},"end":{"line":67,"column":7}},"26":{"start":{"line":66,"column":8},"end":{"line":66,"column":57}},"27":{"start":{"line":68,"column":6},"end":{"line":68,"column":13}},"28":{"start":{"line":70,"column":6},"end":{"line":70,"column":42}}},"fnMap":{"0":{"name":"ValidateCreateAssessment","decl":{"start":{"line":8,"column":22},"end":{"line":8,"column":46}},"loc":{"start":{"line":11,"column":20},"end":{"line":30,"column":null}}},"1":{"name":"ValidateUpdateDeleteAssessment","decl":{"start":{"line":32,"column":22},"end":{"line":32,"column":52}},"loc":{"start":{"line":35,"column":20},"end":{"line":53,"column":null}}},"2":{"name":"ValidateAuthorizationPermition","decl":{"start":{"line":55,"column":16},"end":{"line":55,"column":46}},"loc":{"start":{"line":55,"column":75},"end":{"line":73,"column":1}}},"3":{"name":"(anonymous_12)","decl":{"start":{"line":56,"column":9},"end":{"line":56,"column":10}},"loc":{"start":{"line":56,"column":70},"end":{"line":72,"column":3}}}},"branchMap":{"0":{"loc":{"start":{"line":22,"column":4},"end":{"line":24,"column":5}},"type":"if","locations":[{"start":{"line":22,"column":4},"end":{"line":24,"column":5}}]},"1":{"loc":{"start":{"line":45,"column":4},"end":{"line":47,"column":5}},"type":"if","locations":[{"start":{"line":45,"column":4},"end":{"line":47,"column":5}}]},"2":{"loc":{"start":{"line":65,"column":6},"end":{"line":67,"column":7}},"type":"if","locations":[{"start":{"line":65,"column":6},"end":{"line":67,"column":7}}]}},"s":{"0":2,"1":2,"2":2,"3":2,"4":2,"5":2,"6":2,"7":0,"8":0,"9":0,"10":0,"11":0,"12":0,"13":0,"14":0,"15":0,"16":0,"17":0,"18":0,"19":0,"20":0,"21":6,"22":2,"23":2,"24":2,"25":2,"26":0,"27":2,"28":0},"f":{"0":0,"1":0,"2":6,"3":2},"b":{"0":[0],"1":[0],"2":[0]}}
,"C:\\Users\\Patrick\\OneDrive\\Documentos\\Programacao\\Bloco-Intermediario\\bancoDeDados2\\a2\\src\\models\\assessment.model.ts": {"path":"C:\\Users\\Patrick\\OneDrive\\Documentos\\Programacao\\Bloco-Intermediario\\bancoDeDados2\\a2\\src\\models\\assessment.model.ts","statementMap":{"0":{"start":{"line":1,"column":0},"end":{"line":1,"column":35}},"1":{"start":{"line":6,"column":16},"end":{"line":6,"column":35}},"2":{"start":{"line":7,"column":16},"end":{"line":7,"column":30}},"3":{"start":{"line":8,"column":16},"end":{"line":8,"column":34}},"4":{"start":{"line":10,"column":8},"end":{"line":10,"column":null}},"5":{"start":{"line":14,"column":8},"end":{"line":14,"column":null}},"6":{"start":{"line":18,"column":8},"end":{"line":18,"column":null}},"7":{"start":{"line":22,"column":8},"end":{"line":22,"column":null}},"8":{"start":{"line":26,"column":8},"end":{"line":26,"column":null}},"9":{"start":{"line":3,"column":0},"end":{"line":3,"column":13}}},"fnMap":{"0":{"name":"(anonymous_0)","decl":{"start":{"line":5,"column":4},"end":{"line":5,"column":null}},"loc":{"start":{"line":8,"column":34},"end":{"line":11,"column":5}}},"1":{"name":"(anonymous_1)","decl":{"start":{"line":13,"column":4},"end":{"line":13,"column":8}},"loc":{"start":{"line":13,"column":10},"end":{"line":15,"column":5}}},"2":{"name":"(anonymous_2)","decl":{"start":{"line":17,"column":4},"end":{"line":17,"column":8}},"loc":{"start":{"line":17,"column":18},"end":{"line":19,"column":5}}},"3":{"name":"(anonymous_3)","decl":{"start":{"line":21,"column":4},"end":{"line":21,"column":8}},"loc":{"start":{"line":21,"column":13},"end":{"line":23,"column":5}}},"4":{"name":"(anonymous_4)","decl":{"start":{"line":25,"column":4},"end":{"line":25,"column":8}},"loc":{"start":{"line":25,"column":17},"end":{"line":27,"column":5}}}},"branchMap":{},"s":{"0":2,"1":2,"2":2,"3":2,"4":2,"5":0,"6":2,"7":2,"8":2,"9":2},"f":{"0":2,"1":0,"2":2,"3":2,"4":2},"b":{}}
,"C:\\Users\\Patrick\\OneDrive\\Documentos\\Programacao\\Bloco-Intermediario\\bancoDeDados2\\a2\\src\\models\\student.model.ts": {"path":"C:\\Users\\Patrick\\OneDrive\\Documentos\\Programacao\\Bloco-Intermediario\\bancoDeDados2\\a2\\src\\models\\student.model.ts","statementMap":{"0":{"start":{"line":1,"column":0},"end":{"line":1,"column":35}},"1":{"start":{"line":7,"column":16},"end":{"line":7,"column":29}},"2":{"start":{"line":8,"column":16},"end":{"line":8,"column":30}},"3":{"start":{"line":9,"column":16},"end":{"line":9,"column":33}},"4":{"start":{"line":10,"column":16},"end":{"line":10,"column":34}},"5":{"start":{"line":12,"column":16},"end":{"line":12,"column":29}},"6":{"start":{"line":14,"column":8},"end":{"line":14,"column":null}},"7":{"start":{"line":18,"column":8},"end":{"line":18,"column":null}},"8":{"start":{"line":22,"column":8},"end":{"line":22,"column":null}},"9":{"start":{"line":26,"column":8},"end":{"line":26,"column":null}},"10":{"start":{"line":30,"column":8},"end":{"line":30,"column":null}},"11":{"start":{"line":34,"column":8},"end":{"line":34,"column":null}},"12":{"start":{"line":38,"column":8},"end":{"line":38,"column":null}},"13":{"start":{"line":4,"column":0},"end":{"line":4,"column":13}}},"fnMap":{"0":{"name":"(anonymous_0)","decl":{"start":{"line":6,"column":4},"end":{"line":6,"column":null}},"loc":{"start":{"line":12,"column":29},"end":{"line":15,"column":5}}},"1":{"name":"(anonymous_1)","decl":{"start":{"line":17,"column":4},"end":{"line":17,"column":8}},"loc":{"start":{"line":17,"column":10},"end":{"line":19,"column":5}}},"2":{"name":"(anonymous_2)","decl":{"start":{"line":21,"column":4},"end":{"line":21,"column":8}},"loc":{"start":{"line":21,"column":12},"end":{"line":23,"column":5}}},"3":{"name":"(anonymous_3)","decl":{"start":{"line":25,"column":4},"end":{"line":25,"column":8}},"loc":{"start":{"line":25,"column":13},"end":{"line":27,"column":5}}},"4":{"name":"(anonymous_4)","decl":{"start":{"line":29,"column":4},"end":{"line":29,"column":8}},"loc":{"start":{"line":29,"column":16},"end":{"line":31,"column":5}}},"5":{"name":"(anonymous_5)","decl":{"start":{"line":33,"column":4},"end":{"line":33,"column":8}},"loc":{"start":{"line":33,"column":11},"end":{"line":35,"column":5}}},"6":{"name":"(anonymous_6)","decl":{"start":{"line":37,"column":4},"end":{"line":37,"column":8}},"loc":{"start":{"line":37,"column":12},"end":{"line":39,"column":5}}}},"branchMap":{},"s":{"0":3,"1":9,"2":9,"3":9,"4":9,"5":9,"6":9,"7":5,"8":9,"9":9,"10":9,"11":9,"12":9,"13":3},"f":{"0":9,"1":5,"2":9,"3":9,"4":9,"5":9,"6":9},"b":{}}
,"C:\\Users\\Patrick\\OneDrive\\Documentos\\Programacao\\Bloco-Intermediario\\bancoDeDados2\\a2\\src\\routes\\auth.routes.ts": {"path":"C:\\Users\\Patrick\\OneDrive\\Documentos\\Programacao\\Bloco-Intermediario\\bancoDeDados2\\a2\\src\\routes\\auth.routes.ts","statementMap":{"0":{"start":{"line":1,"column":0},"end":{"line":1,"column":29}},"1":{"start":{"line":2,"column":0},"end":{"line":2,"column":64}},"2":{"start":{"line":4,"column":15},"end":{"line":4,"column":31}},"3":{"start":{"line":5,"column":23},"end":{"line":5,"column":43}},"4":{"start":{"line":8,"column":0},"end":{"line":8,"column":null}},"5":{"start":{"line":10,"column":0},"end":{"line":10,"column":null}}},"fnMap":{},"branchMap":{},"s":{"0":2,"1":2,"2":2,"3":2,"4":2,"5":2},"f":{},"b":{}}
,"C:\\Users\\Patrick\\OneDrive\\Documentos\\Programacao\\Bloco-Intermediario\\bancoDeDados2\\a2\\src\\routes\\students.routes.ts": {"path":"C:\\Users\\Patrick\\OneDrive\\Documentos\\Programacao\\Bloco-Intermediario\\bancoDeDados2\\a2\\src\\routes\\students.routes.ts","statementMap":{"0":{"start":{"line":1,"column":0},"end":{"line":1,"column":30}},"1":{"start":{"line":2,"column":0},"end":{"line":2,"column":71}},"2":{"start":{"line":3,"column":0},"end":{"line":3,"column":76}},"3":{"start":{"line":4,"column":0},"end":{"line":4,"column":62}},"4":{"start":{"line":5,"column":0},"end":{"line":5,"column":88}},"5":{"start":{"line":6,"column":0},"end":{"line":6,"column":39}},"6":{"start":{"line":8,"column":15},"end":{"line":8,"column":31}},"7":{"start":{"line":10,"column":26},"end":{"line":10,"column":49}},"8":{"start":{"line":11,"column":29},"end":{"line":11,"column":55}},"9":{"start":{"line":14,"column":0},"end":{"line":14,"column":49}},"10":{"start":{"line":16,"column":0},"end":{"line":16,"column":52}},"11":{"start":{"line":18,"column":0},"end":{"line":18,"column":50}},"12":{"start":{"line":20,"column":0},"end":{"line":20,"column":54}},"13":{"start":{"line":22,"column":0},"end":{"line":22,"column":57}},"14":{"start":{"line":24,"column":0},"end":{"line":24,"column":null}},"15":{"start":{"line":28,"column":0},"end":{"line":28,"column":null}},"16":{"start":{"line":30,"column":0},"end":{"line":30,"column":null}},"17":{"start":{"line":34,"column":0},"end":{"line":34,"column":null}},"18":{"start":{"line":39,"column":0},"end":{"line":39,"column":null}},"19":{"start":{"line":41,"column":0},"end":{"line":41,"column":null}}},"fnMap":{},"branchMap":{},"s":{"0":2,"1":2,"2":2,"3":2,"4":2,"5":2,"6":2,"7":2,"8":2,"9":2,"10":2,"11":2,"12":2,"13":2,"14":2,"15":2,"16":2,"17":2,"18":2,"19":2},"f":{},"b":{}}
,"C:\\Users\\Patrick\\OneDrive\\Documentos\\Programacao\\Bloco-Intermediario\\bancoDeDados2\\a2\\src\\services\\auth.service.ts": {"path":"C:\\Users\\Patrick\\OneDrive\\Documentos\\Programacao\\Bloco-Intermediario\\bancoDeDados2\\a2\\src\\services\\auth.service.ts","statementMap":{"0":{"start":{"line":2,"column":0},"end":{"line":2,"column":31}},"1":{"start":{"line":3,"column":0},"end":{"line":3,"column":55}},"2":{"start":{"line":22,"column":20},"end":{"line":35,"column":6}},"3":{"start":{"line":37,"column":4},"end":{"line":43,"column":5}},"4":{"start":{"line":38,"column":6},"end":{"line":42,"column":8}},"5":{"start":{"line":45,"column":27},"end":{"line":48,"column":6}},"6":{"start":{"line":50,"column":18},"end":{"line":50,"column":52}},"7":{"start":{"line":52,"column":4},"end":{"line":60,"column":6}},"8":{"start":{"line":73,"column":20},"end":{"line":73,"column":61}},"9":{"start":{"line":75,"column":4},"end":{"line":81,"column":5}},"10":{"start":{"line":76,"column":6},"end":{"line":80,"column":8}},"11":{"start":{"line":83,"column":4},"end":{"line":87,"column":6}},"12":{"start":{"line":91,"column":18},"end":{"line":93,"column":6}},"13":{"start":{"line":95,"column":4},"end":{"line":95,"column":17}},"14":{"start":{"line":99,"column":4},"end":{"line":105,"column":5}},"15":{"start":{"line":100,"column":22},"end":{"line":100,"column":64}},"16":{"start":{"line":102,"column":6},"end":{"line":102,"column":21}},"17":{"start":{"line":104,"column":6},"end":{"line":104,"column":18}},"18":{"start":{"line":109,"column":4},"end":{"line":109,"column":29}},"19":{"start":{"line":117,"column":4},"end":{"line":117,"column":29}},"20":{"start":{"line":121,"column":20},"end":{"line":125,"column":6}},"21":{"start":{"line":127,"column":4},"end":{"line":133,"column":5}},"22":{"start":{"line":128,"column":6},"end":{"line":132,"column":8}},"23":{"start":{"line":135,"column":4},"end":{"line":141,"column":5}},"24":{"start":{"line":136,"column":6},"end":{"line":140,"column":8}},"25":{"start":{"line":143,"column":4},"end":{"line":147,"column":6}},"26":{"start":{"line":7,"column":0},"end":{"line":7,"column":13}}},"fnMap":{"0":{"name":"(anonymous_8)","decl":{"start":{"line":21,"column":15},"end":{"line":21,"column":20}},"loc":{"start":{"line":21,"column":34},"end":{"line":61,"column":null}}},"1":{"name":"(anonymous_10)","decl":{"start":{"line":69,"column":15},"end":{"line":69,"column":28}},"loc":{"start":{"line":71,"column":21},"end":{"line":88,"column":null}}},"2":{"name":"(anonymous_12)","decl":{"start":{"line":90,"column":9},"end":{"line":90,"column":22}},"loc":{"start":{"line":90,"column":35},"end":{"line":96,"column":3}}},"3":{"name":"(anonymous_13)","decl":{"start":{"line":98,"column":9},"end":{"line":98,"column":22}},"loc":{"start":{"line":98,"column":36},"end":{"line":106,"column":3}}},"4":{"name":"(anonymous_14)","decl":{"start":{"line":108,"column":9},"end":{"line":108,"column":20}},"loc":{"start":{"line":108,"column":34},"end":{"line":110,"column":3}}},"5":{"name":"(anonymous_15)","decl":{"start":{"line":116,"column":9},"end":{"line":116,"column":23}},"loc":{"start":{"line":116,"column":37},"end":{"line":118,"column":3}}},"6":{"name":"(anonymous_16)","decl":{"start":{"line":120,"column":15},"end":{"line":120,"column":36}},"loc":{"start":{"line":120,"column":54},"end":{"line":148,"column":null}}}},"branchMap":{"0":{"loc":{"start":{"line":37,"column":4},"end":{"line":43,"column":5}},"type":"if","locations":[{"start":{"line":37,"column":4},"end":{"line":43,"column":5}}]},"1":{"loc":{"start":{"line":75,"column":4},"end":{"line":81,"column":5}},"type":"if","locations":[{"start":{"line":75,"column":4},"end":{"line":81,"column":5}}]},"2":{"loc":{"start":{"line":75,"column":8},"end":{"line":75,"column":44}},"type":"binary-expr","locations":[{"start":{"line":75,"column":8},"end":{"line":75,"column":16}},{"start":{"line":75,"column":20},"end":{"line":75,"column":44}}]},"3":{"loc":{"start":{"line":127,"column":4},"end":{"line":133,"column":5}},"type":"if","locations":[{"start":{"line":127,"column":4},"end":{"line":133,"column":5}}]},"4":{"loc":{"start":{"line":135,"column":4},"end":{"line":141,"column":5}},"type":"if","locations":[{"start":{"line":135,"column":4},"end":{"line":141,"column":5}}]},"5":{"loc":{"start":{"line":135,"column":8},"end":{"line":135,"column":40}},"type":"binary-expr","locations":[{"start":{"line":135,"column":8},"end":{"line":135,"column":20}},{"start":{"line":135,"column":24},"end":{"line":135,"column":40}}]}},"s":{"0":3,"1":3,"2":5,"3":5,"4":2,"5":3,"6":3,"7":3,"8":5,"9":5,"10":2,"11":3,"12":3,"13":3,"14":5,"15":5,"16":3,"17":2,"18":2,"19":0,"20":0,"21":0,"22":0,"23":0,"24":0,"25":0,"26":3},"f":{"0":5,"1":5,"2":3,"3":5,"4":2,"5":0,"6":0},"b":{"0":[2],"1":[2],"2":[5,3],"3":[0],"4":[0],"5":[0,0]}}
,"C:\\Users\\Patrick\\OneDrive\\Documentos\\Programacao\\Bloco-Intermediario\\bancoDeDados2\\a2\\src\\services\\authorization.service.ts": {"path":"C:\\Users\\Patrick\\OneDrive\\Documentos\\Programacao\\Bloco-Intermediario\\bancoDeDados2\\a2\\src\\services\\authorization.service.ts","statementMap":{"0":{"start":{"line":2,"column":0},"end":{"line":2,"column":45}},"1":{"start":{"line":4,"column":20},"end":{"line":4,"column":35}},"2":{"start":{"line":8,"column":24},"end":{"line":8,"column":70}},"3":{"start":{"line":10,"column":8},"end":{"line":16,"column":9}},"4":{"start":{"line":11,"column":12},"end":{"line":15,"column":null}},"5":{"start":{"line":18,"column":8},"end":{"line":22,"column":null}},"6":{"start":{"line":6,"column":0},"end":{"line":6,"column":13}}},"fnMap":{"0":{"name":"(anonymous_0)","decl":{"start":{"line":7,"column":11},"end":{"line":7,"column":32}},"loc":{"start":{"line":7,"column":77},"end":{"line":24,"column":5}}}},"branchMap":{"0":{"loc":{"start":{"line":10,"column":8},"end":{"line":16,"column":9}},"type":"if","locations":[{"start":{"line":10,"column":8},"end":{"line":16,"column":9}}]}},"s":{"0":2,"1":2,"2":2,"3":2,"4":0,"5":2,"6":2},"f":{"0":2},"b":{"0":[0]}}
,"C:\\Users\\Patrick\\OneDrive\\Documentos\\Programacao\\Bloco-Intermediario\\bancoDeDados2\\a2\\src\\services\\student.service.ts": {"path":"C:\\Users\\Patrick\\OneDrive\\Documentos\\Programacao\\Bloco-Intermediario\\bancoDeDados2\\a2\\src\\services\\student.service.ts","statementMap":{"0":{"start":{"line":1,"column":0},"end":{"line":1,"column":55}},"1":{"start":{"line":3,"column":0},"end":{"line":3,"column":50}},"2":{"start":{"line":8,"column":21},"end":{"line":16,"column":6}},"3":{"start":{"line":18,"column":4},"end":{"line":23,"column":6}},"4":{"start":{"line":27,"column":23},"end":{"line":32,"column":null}},"5":{"start":{"line":35,"column":27},"end":{"line":51,"column":6}},"6":{"start":{"line":53,"column":4},"end":{"line":58,"column":6}},"7":{"start":{"line":62,"column":20},"end":{"line":72,"column":6}},"8":{"start":{"line":74,"column":4},"end":{"line":76,"column":5}},"9":{"start":{"line":75,"column":6},"end":{"line":75,"column":47}},"10":{"start":{"line":78,"column":4},"end":{"line":83,"column":6}},"11":{"start":{"line":87,"column":27},"end":{"line":99,"column":6}},"12":{"start":{"line":101,"column":4},"end":{"line":106,"column":6}},"13":{"start":{"line":110,"column":27},"end":{"line":121,"column":6}},"14":{"start":{"line":123,"column":4},"end":{"line":128,"column":6}},"15":{"start":{"line":6,"column":0},"end":{"line":6,"column":13}}},"fnMap":{"0":{"name":"(anonymous_8)","decl":{"start":{"line":7,"column":15},"end":{"line":7,"column":29}},"loc":{"start":{"line":7,"column":29},"end":{"line":24,"column":null}}},"1":{"name":"(anonymous_10)","decl":{"start":{"line":26,"column":15},"end":{"line":26,"column":28}},"loc":{"start":{"line":26,"column":51},"end":{"line":59,"column":null}}},"2":{"name":"(anonymous_12)","decl":{"start":{"line":61,"column":15},"end":{"line":61,"column":29}},"loc":{"start":{"line":61,"column":40},"end":{"line":84,"column":null}}},"3":{"name":"(anonymous_14)","decl":{"start":{"line":86,"column":15},"end":{"line":86,"column":28}},"loc":{"start":{"line":86,"column":51},"end":{"line":107,"column":null}}},"4":{"name":"(anonymous_16)","decl":{"start":{"line":109,"column":15},"end":{"line":109,"column":28}},"loc":{"start":{"line":109,"column":39},"end":{"line":129,"column":null}}}},"branchMap":{"0":{"loc":{"start":{"line":74,"column":4},"end":{"line":76,"column":5}},"type":"if","locations":[{"start":{"line":74,"column":4},"end":{"line":76,"column":5}}]}},"s":{"0":3,"1":3,"2":1,"3":1,"4":5,"5":5,"6":5,"7":1,"8":1,"9":1,"10":0,"11":1,"12":0,"13":1,"14":0,"15":3},"f":{"0":1,"1":5,"2":1,"3":1,"4":1},"b":{"0":[1]}}
,"C:\\Users\\Patrick\\OneDrive\\Documentos\\Programacao\\Bloco-Intermediario\\bancoDeDados2\\a2\\src\\types\\index.ts": {"path":"C:\\Users\\Patrick\\OneDrive\\Documentos\\Programacao\\Bloco-Intermediario\\bancoDeDados2\\a2\\src\\types\\index.ts","statementMap":{"0":{"start":{"line":15,"column":0},"end":{"line":15,"column":null}},"1":{"start":{"line":16,"column":4},"end":{"line":16,"column":null}},"2":{"start":{"line":17,"column":4},"end":{"line":17,"column":null}},"3":{"start":{"line":18,"column":4},"end":{"line":18,"column":null}}},"fnMap":{"0":{"name":"(anonymous_0)","decl":{"start":{"line":15,"column":0},"end":{"line":15,"column":12}},"loc":{"start":{"line":15,"column":23},"end":{"line":19,"column":1}}}},"branchMap":{"0":{"loc":{"start":{"line":15,"column":12},"end":{"line":15,"column":null}},"type":"binary-expr","locations":[{"start":{"line":15,"column":12},"end":{"line":15,"column":23}},{"start":{"line":15,"column":23},"end":{"line":15,"column":null}}]}},"s":{"0":3,"1":3,"2":3,"3":3},"f":{"0":3},"b":{"0":[3,3]}}
,"C:\\Users\\Patrick\\OneDrive\\Documentos\\Programacao\\Bloco-Intermediario\\bancoDeDados2\\a2\\src\\util\\response.helpers.ts": {"path":"C:\\Users\\Patrick\\OneDrive\\Documentos\\Programacao\\Bloco-Intermediario\\bancoDeDados2\\a2\\src\\util\\response.helpers.ts","statementMap":{"0":{"start":{"line":3,"column":0},"end":{"line":3,"column":16}},"1":{"start":{"line":10,"column":0},"end":{"line":10,"column":16}},"2":{"start":{"line":4,"column":4},"end":{"line":7,"column":null}},"3":{"start":{"line":11,"column":4},"end":{"line":14,"column":null}}},"fnMap":{"0":{"name":"missingFieldError","decl":{"start":{"line":3,"column":16},"end":{"line":3,"column":33}},"loc":{"start":{"line":3,"column":51},"end":{"line":8,"column":1}}},"1":{"name":"serverError","decl":{"start":{"line":10,"column":16},"end":{"line":10,"column":27}},"loc":{"start":{"line":10,"column":59},"end":{"line":15,"column":1}}}},"branchMap":{"0":{"loc":{"start":{"line":13,"column":17},"end":{"line":13,"column":60}},"type":"cond-expr","locations":[{"start":{"line":13,"column":25},"end":{"line":13,"column":41}},{"start":{"line":13,"column":44},"end":{"line":13,"column":60}}]}},"s":{"0":2,"1":2,"2":0,"3":0},"f":{"0":0,"1":0},"b":{"0":[0,0]}}
}
