TN:
SF:src\server.ts
FN:7,createApp
FNF:1
FNH:1
FNDA:4,createApp
DA:1,2
DA:2,2
DA:4,2
DA:5,2
DA:7,2
DA:8,4
DA:10,4
DA:11,4
DA:13,4
DA:14,4
DA:16,4
LF:11
LH:11
BRF:0
BRH:0
end_of_record
TN:
SF:src\controllers\assessment.controller.ts
FN:8,(anonymous_8)
FN:48,(anonymous_10)
FN:103,(anonymous_12)
FN:142,(anonymous_14)
FN:195,(anonymous_16)
FNF:5
FNH:2
FNDA:1,(anonymous_8)
FNDA:2,(anonymous_10)
FNDA:0,(anonymous_12)
FNDA:0,(anonymous_14)
FNDA:0,(anonymous_16)
DA:2,2
DA:3,2
DA:5,2
DA:9,1
DA:10,1
DA:12,1
DA:25,1
DA:26,0
DA:33,1
DA:40,0
DA:49,2
DA:50,2
DA:51,2
DA:53,2
DA:54,0
DA:61,2
DA:65,2
DA:66,0
DA:73,2
DA:75,2
DA:88,1
DA:95,1
DA:104,0
DA:105,0
DA:107,0
DA:119,0
DA:120,0
DA:127,0
DA:134,0
DA:143,0
DA:144,0
DA:146,0
DA:148,0
DA:149,0
DA:156,0
DA:172,0
DA:173,0
DA:180,0
DA:187,0
DA:196,0
DA:197,0
DA:199,0
DA:208,0
DA:209,0
DA:216,0
DA:223,0
LF:46
LH:18
BRDA:25,0,0,0
BRDA:53,1,0,0
BRDA:53,2,0,2
BRDA:53,2,1,2
BRDA:65,3,0,0
BRDA:119,4,0,0
BRDA:148,5,0,0
BRDA:148,6,0,0
BRDA:148,6,1,0
BRDA:172,7,0,0
BRDA:208,8,0,0
BRF:11
BRH:2
end_of_record
TN:
SF:src\controllers\auth.controller.ts
FN:8,(anonymous_7)
FNF:1
FNH:1
FNDA:3,(anonymous_7)
DA:2,2
DA:3,2
DA:5,2
DA:7,2
DA:9,3
DA:11,3
DA:13,3
DA:14,0
DA:17,3
DA:19,3
DA:21,0
DA:28,3
DA:30,0
LF:13
LH:10
BRDA:13,0,0,0
BRDA:13,1,0,3
BRDA:13,1,1,3
BRDA:19,2,0,0
BRF:4
BRH:2
end_of_record
TN:
SF:src\controllers\students.controller.ts
FN:10,(anonymous_8)
FN:24,(anonymous_10)
FN:62,(anonymous_12)
FN:86,(anonymous_14)
FN:109,(anonymous_16)
FNF:5
FNH:1
FNDA:0,(anonymous_8)
FNDA:5,(anonymous_10)
FNDA:0,(anonymous_12)
FNDA:0,(anonymous_14)
FNDA:0,(anonymous_16)
DA:3,2
DA:4,2
DA:5,2
DA:7,2
DA:8,2
DA:11,0
DA:12,0
DA:14,0
DA:16,0
DA:25,5
DA:26,5
DA:28,5
DA:29,1
DA:36,4
DA:40,4
DA:41,0
DA:48,4
DA:50,4
DA:52,4
DA:54,0
DA:63,0
DA:64,0
DA:66,0
DA:68,0
DA:69,0
DA:76,0
DA:78,0
DA:87,0
DA:88,0
DA:89,0
DA:91,0
DA:99,0
DA:101,0
DA:110,0
DA:111,0
DA:113,0
DA:115,0
DA:117,0
LF:38
LH:14
BRDA:28,0,0,1
BRDA:28,1,0,5
BRDA:28,1,1,4
BRDA:28,1,2,4
BRDA:40,2,0,0
BRDA:68,3,0,0
BRF:6
BRH:4
end_of_record
TN:
SF:src\database\prisma.connection.ts
FNF:0
FNH:0
DA:1,4
DA:3,4
DA:5,4
LF:3
LH:3
BRF:0
BRH:0
end_of_record
TN:
SF:src\middleware\auth.middleware.ts
FN:6,validateToken
FNF:1
FNH:1
FNDA:7,validateToken
DA:2,2
DA:4,2
DA:6,2
DA:11,7
DA:12,7
DA:13,7
DA:15,7
DA:16,2
DA:23,5
DA:25,5
DA:26,2
DA:33,3
DA:35,0
LF:13
LH:12
BRDA:15,0,0,2
BRDA:25,1,0,2
BRF:2
BRH:2
end_of_record
TN:
SF:src\middleware\authorization.middleware.ts
FN:8,ValidateCreateAssessment
FN:32,ValidateUpdateDeleteAssessment
FN:55,ValidateAuthorizationPermition
FN:56,(anonymous_12)
FNF:4
FNH:2
FNDA:0,ValidateCreateAssessment
FNDA:0,ValidateUpdateDeleteAssessment
FNDA:6,ValidateAuthorizationPermition
FNDA:2,(anonymous_12)
DA:2,2
DA:3,2
DA:4,2
DA:6,2
DA:8,2
DA:14,0
DA:15,0
DA:17,0
DA:22,0
DA:23,0
DA:26,0
DA:28,0
DA:32,2
DA:38,0
DA:39,0
DA:41,0
DA:45,0
DA:46,0
DA:49,0
DA:51,0
DA:55,2
DA:56,6
DA:57,2
DA:58,2
DA:60,2
DA:65,2
DA:66,0
DA:68,2
DA:70,0
LF:29
LH:13
BRDA:22,0,0,0
BRDA:45,1,0,0
BRDA:65,2,0,0
BRF:3
BRH:0
end_of_record
TN:
SF:src\models\assessment.model.ts
FN:5,(anonymous_0)
FN:13,(anonymous_1)
FN:17,(anonymous_2)
FN:21,(anonymous_3)
FN:25,(anonymous_4)
FNF:5
FNH:4
FNDA:2,(anonymous_0)
FNDA:0,(anonymous_1)
FNDA:2,(anonymous_2)
FNDA:2,(anonymous_3)
FNDA:2,(anonymous_4)
DA:1,2
DA:3,2
DA:6,2
DA:7,2
DA:8,2
DA:10,2
DA:14,0
DA:18,2
DA:22,2
DA:26,2
LF:10
LH:9
BRF:0
BRH:0
end_of_record
TN:
SF:src\models\student.model.ts
FN:6,(anonymous_0)
FN:17,(anonymous_1)
FN:21,(anonymous_2)
FN:25,(anonymous_3)
FN:29,(anonymous_4)
FN:33,(anonymous_5)
FN:37,(anonymous_6)
FNF:7
FNH:7
FNDA:9,(anonymous_0)
FNDA:5,(anonymous_1)
FNDA:9,(anonymous_2)
FNDA:9,(anonymous_3)
FNDA:9,(anonymous_4)
FNDA:9,(anonymous_5)
FNDA:9,(anonymous_6)
DA:1,3
DA:4,3
DA:7,9
DA:8,9
DA:9,9
DA:10,9
DA:12,9
DA:14,9
DA:18,5
DA:22,9
DA:26,9
DA:30,9
DA:34,9
DA:38,9
LF:14
LH:14
BRF:0
BRH:0
end_of_record
TN:
SF:src\routes\auth.routes.ts
FNF:0
FNH:0
DA:1,2
DA:2,2
DA:4,2
DA:5,2
DA:8,2
DA:10,2
LF:6
LH:6
BRF:0
BRH:0
end_of_record
TN:
SF:src\routes\students.routes.ts
FNF:0
FNH:0
DA:1,2
DA:2,2
DA:3,2
DA:4,2
DA:5,2
DA:6,2
DA:8,2
DA:10,2
DA:11,2
DA:14,2
DA:16,2
DA:18,2
DA:20,2
DA:22,2
DA:24,2
DA:28,2
DA:30,2
DA:34,2
DA:39,2
DA:41,2
LF:20
LH:20
BRF:0
BRH:0
end_of_record
TN:
SF:src\services\auth.service.ts
FN:21,(anonymous_8)
FN:69,(anonymous_10)
FN:90,(anonymous_12)
FN:98,(anonymous_13)
FN:108,(anonymous_14)
FN:116,(anonymous_15)
FN:120,(anonymous_16)
FNF:7
FNH:5
FNDA:5,(anonymous_8)
FNDA:5,(anonymous_10)
FNDA:3,(anonymous_12)
FNDA:5,(anonymous_13)
FNDA:2,(anonymous_14)
FNDA:0,(anonymous_15)
FNDA:0,(anonymous_16)
DA:2,3
DA:3,3
DA:7,3
DA:22,5
DA:37,5
DA:38,2
DA:45,3
DA:50,3
DA:52,3
DA:73,5
DA:75,5
DA:76,2
DA:83,3
DA:91,3
DA:95,3
DA:99,5
DA:100,5
DA:102,3
DA:104,2
DA:109,2
DA:117,0
DA:121,0
DA:127,0
DA:128,0
DA:135,0
DA:136,0
DA:143,0
LF:27
LH:20
BRDA:37,0,0,2
BRDA:75,1,0,2
BRDA:75,2,0,5
BRDA:75,2,1,3
BRDA:127,3,0,0
BRDA:135,4,0,0
BRDA:135,5,0,0
BRDA:135,5,1,0
BRF:8
BRH:4
end_of_record
TN:
SF:src\services\authorization.service.ts
FN:7,(anonymous_0)
FNF:1
FNH:1
FNDA:2,(anonymous_0)
DA:2,2
DA:4,2
DA:6,2
DA:8,2
DA:10,2
DA:11,0
DA:18,2
LF:7
LH:6
BRDA:10,0,0,0
BRF:1
BRH:0
end_of_record
TN:
SF:src\services\student.service.ts
FN:7,(anonymous_8)
FN:26,(anonymous_10)
FN:61,(anonymous_12)
FN:86,(anonymous_14)
FN:109,(anonymous_16)
FNF:5
FNH:5
FNDA:1,(anonymous_8)
FNDA:5,(anonymous_10)
FNDA:1,(anonymous_12)
FNDA:1,(anonymous_14)
FNDA:1,(anonymous_16)
DA:1,3
DA:3,3
DA:6,3
DA:8,1
DA:18,1
DA:27,5
DA:35,5
DA:53,5
DA:62,1
DA:74,1
DA:75,1
DA:78,0
DA:87,1
DA:101,0
DA:110,1
DA:123,0
LF:16
LH:13
BRDA:74,0,0,1
BRF:1
BRH:1
end_of_record
TN:
SF:src\types\index.ts
FN:15,(anonymous_0)
FNF:1
FNH:1
FNDA:3,(anonymous_0)
DA:15,3
DA:16,3
DA:17,3
DA:18,3
LF:4
LH:4
BRDA:15,0,0,3
BRDA:15,0,1,3
BRF:2
BRH:2
end_of_record
TN:
SF:src\util\response.helpers.ts
FN:3,missingFieldError
FN:10,serverError
FNF:2
FNH:0
FNDA:0,missingFieldError
FNDA:0,serverError
DA:3,2
DA:4,0
DA:10,2
DA:11,0
LF:4
LH:2
BRDA:13,0,0,0
BRDA:13,0,1,0
BRF:2
BRH:0
end_of_record
